Using pre-set license

 COMMAND LINE ARGUMENTS:
/Applications/2020.3.1f1/Unity.app/Contents/MacOS/Unity
-adb2
-batchMode
-noUpm
-name
AssetImportWorker0
-projectPath
/Users/dikshujain/Unity Project/Glitch_Garden
-logFile
Logs/AssetImportWorker0.log
-srvPort
49724
Successfully changed project path to: /Users/dikshujain/Unity Project/Glitch_Garden
/Users/dikshujain/Unity Project/Glitch_Garden
Using Asset Import Pipeline V2.
Refreshing native plugins compatible for Editor in 102.15 ms, found 1 plugins.
Preloading 0 native plugins for Editor in 0.00 ms.
Initialize engine version: 2020.3.1f1 (77a89f25062f)
[Subsystems] Discovering subsystems at path /Applications/2020.3.1f1/Unity.app/Contents/Resources/UnitySubsystems
[Subsystems] Discovering subsystems at path /Users/dikshujain/Unity Project/Glitch_Garden/Assets
GfxDevice: creating device client; threaded=0
2021-04-05 10:42:06.505 Unity[2306:35745] Color LCD preferred device: Intel(R) Iris(TM) Graphics 6000 (low power)
2021-04-05 10:42:06.505 Unity[2306:35745] Metal devices available: 1
2021-04-05 10:42:06.506 Unity[2306:35745] 0: Intel(R) Iris(TM) Graphics 6000 (low power)
2021-04-05 10:42:06.506 Unity[2306:35745] Using device Intel(R) Iris(TM) Graphics 6000 (low power)
Initializing Metal device caps: Intel(R) Iris(TM) Graphics 6000
Initialize mono
Mono path[0] = '/Applications/2020.3.1f1/Unity.app/Contents/Managed'
Mono path[1] = '/Applications/2020.3.1f1/Unity.app/Contents/MonoBleedingEdge/lib/mono/unityjit'
Mono config path = '/Applications/2020.3.1f1/Unity.app/Contents/MonoBleedingEdge/etc'
Using monoOptions --debugger-agent=transport=dt_socket,embedding=1,server=y,suspend=n,address=127.0.0.1:56306
Begin MonoManager ReloadAssembly
Registering precompiled unity dll's ...
Register platform support module: /Applications/2020.3.1f1/Unity.app/Contents/PlaybackEngines/MacStandaloneSupport/UnityEditor.OSXStandalone.Extensions.dll
Registered in 0.001221 seconds.
Native extension for OSXStandalone target not found
Refreshing native plugins compatible for Editor in 63.15 ms, found 1 plugins.
Preloading 0 native plugins for Editor in 0.00 ms.
Invoked RoslynAnalysisRunner static constructor.
RoslynAnalysisRunner will not be running.
RoslynAnalysisRunner has terminated.
Mono: successfully reloaded assembly
- Completed reload, in  6.225 seconds
Platform modules already initialized, skipping
Registering precompiled user dll's ...
Registered in 0.004911 seconds.
Begin MonoManager ReloadAssembly
Native extension for OSXStandalone target not found
Refreshing native plugins compatible for Editor in 0.91 ms, found 1 plugins.
Preloading 0 native plugins for Editor in 0.00 ms.
Invoked RoslynAnalysisRunner static constructor.
RoslynAnalysisRunner will not be running.
RoslynAnalysisRunner has terminated.
Mono: successfully reloaded assembly
- Completed reload, in  2.055 seconds
Platform modules already initialized, skipping
========================================================================
Worker process is ready to serve import requests
Launching external process: /Applications/2020.3.1f1/Unity.app/Contents/Tools/UnityShaderCompiler
Launched and connected shader compiler UnityShaderCompiler after 0.02 seconds
Refreshing native plugins compatible for Editor in 0.52 ms, found 1 plugins.
Preloading 0 native plugins for Editor in 0.00 ms.
Unloading 1418 Unused Serialized files (Serialized files now loaded: 0)
System memory in use before: 121.6 MB.
System memory in use after: 121.7 MB.

Unloading 33 unused Assets to reduce memory usage. Loaded Objects now: 1846.
Total: 4.593617 ms (FindLiveObjects: 0.524273 ms CreateObjectMapping: 0.200647 ms MarkObjects: 3.720509 ms  DeleteObjects: 0.145434 ms)

AssetImportWorkerClient::OnTransportError - code=2 error=End of file
